<?xml version="1.0" encoding="UTF-8"?>
<coverage generated="1509351344">
  <project timestamp="1509351344">
    <file name="C:\xampp\htdocs\futsal\kppl_futsalin\application/controllers/Home.php">
      <class name="Home" namespace="global">
        <metrics methods="2" coveredmethods="2" conditionals="0" coveredconditionals="0" statements="7" coveredstatements="7" elements="9" coveredelements="9"/>
      </class>
      <line num="5" type="method" name="__construct" crap="2" count="2"/>
      <line num="6" type="stmt" count="2"/>
      <line num="7" type="stmt" count="2"/>
      <line num="8" type="stmt" count="2"/>
      <line num="10" type="stmt" count="1"/>
      <line num="11" type="stmt" count="1"/>
      <line num="14" type="method" name="index" crap="1" count="1"/>
      <line num="17" type="stmt" count="1"/>
      <line num="18" type="stmt" count="1"/>
      <line num="79" type="stmt" count="1"/>
      <metrics loc="21" ncloc="19" classes="1" methods="2" coveredmethods="2" conditionals="0" coveredconditionals="0" statements="7" coveredstatements="7" elements="9" coveredelements="9"/>
    </file>
    <file name="C:\xampp\htdocs\futsal\kppl_futsalin\application/controllers/Login.php">
      <class name="Login" namespace="global">
        <metrics methods="3" coveredmethods="3" conditionals="0" coveredconditionals="0" statements="21" coveredstatements="20" elements="24" coveredelements="23"/>
      </class>
      <line num="5" type="method" name="index" crap="1" count="12"/>
      <line num="6" type="stmt" count="12"/>
      <line num="7" type="stmt" count="12"/>
      <line num="9" type="method" name="aksi_login" crap="3" count="11"/>
      <line num="10" type="stmt" count="11"/>
      <line num="11" type="stmt" count="11"/>
      <line num="13" type="stmt" count="11"/>
      <line num="15" type="stmt" count="11"/>
      <line num="16" type="stmt" count="11"/>
      <line num="18" type="stmt" count="11"/>
      <line num="20" type="stmt" count="1"/>
      <line num="21" type="stmt" count="1"/>
      <line num="22" type="stmt" count="1"/>
      <line num="23" type="stmt" count="1"/>
      <line num="24" type="stmt" count="1"/>
      <line num="26" type="stmt" count="1"/>
      <line num="29" type="stmt" count="10"/>
      <line num="30" type="stmt" count="10"/>
      <line num="33" type="method" name="authenticate" crap="2.06" count="2"/>
      <line num="34" type="stmt" count="2"/>
      <line num="35" type="stmt" count="1"/>
      <line num="36" type="stmt" count="0"/>
      <line num="38" type="stmt" count="1"/>
      <metrics loc="39" ncloc="39" classes="1" methods="3" coveredmethods="2" conditionals="0" coveredconditionals="0" statements="21" coveredstatements="20" elements="24" coveredelements="22"/>
    </file>
    <file name="C:\xampp\htdocs\futsal\kppl_futsalin\application/controllers/Logout.php">
      <class name="Logout" namespace="global">
        <metrics methods="2" coveredmethods="2" conditionals="0" coveredconditionals="0" statements="3" coveredstatements="3" elements="5" coveredelements="5"/>
      </class>
      <line num="5" type="method" name="__construct" crap="1" count="1"/>
      <line num="6" type="stmt" count="1"/>
      <line num="8" type="method" name="index" crap="1" count="1"/>
      <line num="9" type="stmt" count="1"/>
      <line num="10" type="stmt" count="1"/>
      <metrics loc="10" ncloc="10" classes="1" methods="2" coveredmethods="2" conditionals="0" coveredconditionals="0" statements="3" coveredstatements="3" elements="5" coveredelements="5"/>
    </file>
    <file name="C:\xampp\htdocs\futsal\kppl_futsalin\application/controllers/Profil.php">
      <class name="Profil" namespace="global">
        <metrics methods="3" coveredmethods="3" conditionals="0" coveredconditionals="0" statements="32" coveredstatements="28" elements="35" coveredelements="31"/>
      </class>
      <line num="5" type="method" name="__construct" crap="2" count="4"/>
      <line num="6" type="stmt" count="4"/>
      <line num="7" type="stmt" count="4"/>
      <line num="8" type="stmt" count="4"/>
      <line num="10" type="stmt" count="3"/>
      <line num="12" type="stmt" count="3"/>
      <line num="15" type="method" name="index" crap="1" count="1"/>
      <line num="16" type="stmt" count="1"/>
      <line num="17" type="stmt" count="1"/>
      <line num="18" type="stmt" count="1"/>
      <line num="19" type="stmt" count="1"/>
      <line num="21" type="method" name="edit_profil" crap="2.02" count="2"/>
      <line num="23" type="stmt" count="2"/>
      <line num="24" type="stmt" count="2"/>
      <line num="25" type="stmt" count="2"/>
      <line num="26" type="stmt" count="2"/>
      <line num="27" type="stmt" count="2"/>
      <line num="29" type="stmt" count="2"/>
      <line num="30" type="stmt" count="2"/>
      <line num="31" type="stmt" count="2"/>
      <line num="32" type="stmt" count="2"/>
      <line num="33" type="stmt" count="2"/>
      <line num="35" type="stmt" count="2"/>
      <line num="37" type="stmt" count="2"/>
      <line num="38" type="stmt" count="2"/>
      <line num="40" type="stmt" count="2"/>
      <line num="42" type="stmt" count="2"/>
      <line num="44" type="stmt" count="2"/>
      <line num="45" type="stmt" count="2"/>
      <line num="46" type="stmt" count="2"/>
      <line num="47" type="stmt" count="2"/>
      <line num="48" type="stmt" count="0"/>
      <line num="49" type="stmt" count="0"/>
      <line num="50" type="stmt" count="0"/>
      <line num="51" type="stmt" count="0"/>
      <line num="56" type="stmt" count="1"/>
      <metrics loc="55" ncloc="51" classes="1" methods="3" coveredmethods="2" conditionals="0" coveredconditionals="0" statements="32" coveredstatements="28" elements="35" coveredelements="30"/>
    </file>
    <file name="C:\xampp\htdocs\futsal\kppl_futsalin\application/models/Model_futsal.php">
      <class name="Model_futsal" namespace="global" fullPackage="Model">
        <metrics methods="3" coveredmethods="3" conditionals="0" coveredconditionals="0" statements="7" coveredstatements="7" elements="10" coveredelements="10"/>
      </class>
      <line num="4" type="method" name="cek_login" crap="1" count="11"/>
      <line num="5" type="stmt" count="11"/>
      <line num="6" type="stmt" count="11"/>
      <line num="7" type="stmt" count="11"/>
      <line num="19" type="method" name="tampil_profil" crap="1" count="2"/>
      <line num="22" type="stmt" count="2"/>
      <line num="23" type="stmt" count="2"/>
      <line num="34" type="method" name="UpdateData" crap="1" count="2"/>
      <line num="35" type="stmt" count="2"/>
      <line num="36" type="stmt" count="2"/>
      <metrics loc="42" ncloc="14" classes="1" methods="3" coveredmethods="3" conditionals="0" coveredconditionals="0" statements="7" coveredstatements="7" elements="10" coveredelements="10"/>
    </file>
    <metrics files="5" loc="167" ncloc="133" classes="5" methods="13" coveredmethods="11" conditionals="0" coveredconditionals="0" statements="70" coveredstatements="65" elements="83" coveredelements="76"/>
  </project>
</coverage>
