<?xml version="1.0" encoding="UTF-8"?>
<coverage generated="1508679645">
  <project timestamp="1508679645">
    <file name="C:\xampp\htdocs\kppl_futsalin\application/controllers/Home.php">
      <class name="Home" namespace="global">
        <metrics methods="2" coveredmethods="2" conditionals="0" coveredconditionals="0" statements="8" coveredstatements="8" elements="10" coveredelements="10"/>
      </class>
      <line num="5" type="method" name="__construct" crap="2" count="2"/>
      <line num="6" type="stmt" count="2"/>
      <line num="7" type="stmt" count="2"/>
      <line num="8" type="stmt" count="1"/>
      <line num="10" type="stmt" count="1"/>
      <line num="11" type="stmt" count="1"/>
      <line num="14" type="method" name="index" crap="1" count="1"/>
      <line num="16" type="stmt" count="1"/>
      <line num="17" type="stmt" count="1"/>
      <line num="18" type="stmt" count="1"/>
      <metrics loc="21" ncloc="21" classes="1" methods="2" coveredmethods="2" conditionals="0" coveredconditionals="0" statements="8" coveredstatements="8" elements="10" coveredelements="10"/>
    </file>
    <file name="C:\xampp\htdocs\kppl_futsalin\application/controllers/Login.php">
      <class name="Login" namespace="global">
        <metrics methods="3" coveredmethods="3" conditionals="0" coveredconditionals="0" statements="19" coveredstatements="18" elements="22" coveredelements="21"/>
      </class>
      <line num="5" type="method" name="index" crap="1" count="1"/>
      <line num="6" type="stmt" count="1"/>
      <line num="7" type="stmt" count="1"/>
      <line num="9" type="method" name="aksi_login" crap="3" count="11"/>
      <line num="10" type="stmt" count="11"/>
      <line num="11" type="stmt" count="11"/>
      <line num="13" type="stmt" count="11"/>
      <line num="14" type="stmt" count="11"/>
      <line num="16" type="stmt" count="11"/>
      <line num="18" type="stmt" count="11"/>
      <line num="20" type="stmt" count="1"/>
      <line num="21" type="stmt" count="1"/>
      <line num="22" type="stmt" count="1"/>
      <line num="23" type="stmt" count="1"/>
      <line num="26" type="stmt" count="1"/>
      <line num="29" type="stmt" count="10"/>
      <line num="30" type="stmt" count="10"/>
      <line num="33" type="method" name="authenticate" crap="2.06" count="2"/>
      <line num="34" type="stmt" count="2"/>
      <line num="35" type="stmt" count="1"/>
      <line num="36" type="stmt" count="0"/>
      <line num="38" type="stmt" count="1"/>
      <metrics loc="39" ncloc="39" classes="1" methods="3" coveredmethods="2" conditionals="0" coveredconditionals="0" statements="19" coveredstatements="18" elements="22" coveredelements="20"/>
    </file>
    <file name="C:\xampp\htdocs\kppl_futsalin\application/controllers/Logout.php">
      <class name="Logout" namespace="global">
        <metrics methods="2" coveredmethods="2" conditionals="0" coveredconditionals="0" statements="3" coveredstatements="3" elements="5" coveredelements="5"/>
      </class>
      <line num="5" type="method" name="__construct" crap="1" count="1"/>
      <line num="6" type="stmt" count="1"/>
      <line num="8" type="method" name="index" crap="1" count="1"/>
      <line num="9" type="stmt" count="1"/>
      <line num="10" type="stmt" count="1"/>
      <metrics loc="10" ncloc="10" classes="1" methods="2" coveredmethods="2" conditionals="0" coveredconditionals="0" statements="3" coveredstatements="3" elements="5" coveredelements="5"/>
    </file>
    <file name="C:\xampp\htdocs\kppl_futsalin\application/models/Model_futsal.php">
      <class name="Model_futsal" namespace="global" fullPackage="Model">
        <metrics methods="7" coveredmethods="2" conditionals="0" coveredconditionals="0" statements="16" coveredstatements="5" elements="23" coveredelements="7"/>
      </class>
      <line num="4" type="method" name="cek_login" crap="1" count="11"/>
      <line num="5" type="stmt" count="11"/>
      <line num="6" type="stmt" count="11"/>
      <line num="7" type="stmt" count="11"/>
      <line num="9" type="method" name="tampil_lapangan" crap="1" count="1"/>
      <line num="10" type="stmt" count="1"/>
      <line num="11" type="stmt" count="1"/>
      <line num="14" type="method" name="tampil_bayar" crap="2" count="0"/>
      <line num="15" type="stmt" count="0"/>
      <line num="16" type="stmt" count="0"/>
      <line num="19" type="method" name="input_data" crap="2" count="0"/>
      <line num="20" type="stmt" count="0"/>
      <line num="21" type="stmt" count="0"/>
      <line num="22" type="method" name="edit_data" crap="2" count="0"/>
      <line num="23" type="stmt" count="0"/>
      <line num="26" type="method" name="update_data" crap="2" count="0"/>
      <line num="27" type="stmt" count="0"/>
      <line num="28" type="stmt" count="0"/>
      <line num="29" type="stmt" count="0"/>
      <line num="30" type="method" name="hapus_data" crap="2" count="0"/>
      <line num="31" type="stmt" count="0"/>
      <line num="32" type="stmt" count="0"/>
      <line num="33" type="stmt" count="0"/>
      <metrics loc="34" ncloc="34" classes="1" methods="7" coveredmethods="2" conditionals="0" coveredconditionals="0" statements="16" coveredstatements="5" elements="23" coveredelements="7"/>
    </file>
    <file name="C:\xampp\htdocs\kppl_futsalin\application/models/Modelku.php">
      <class name="Modelku" namespace="global">
        <metrics methods="4" coveredmethods="0" conditionals="0" coveredconditionals="0" statements="16" coveredstatements="0" elements="20" coveredelements="0"/>
      </class>
      <line num="2" type="stmt" count="0"/>
      <line num="6" type="method" name="getBarang" crap="2" count="0"/>
      <line num="8" type="stmt" count="0"/>
      <line num="9" type="stmt" count="0"/>
      <line num="10" type="stmt" count="0"/>
      <line num="11" type="method" name="InsertData" crap="2" count="0"/>
      <line num="12" type="stmt" count="0"/>
      <line num="13" type="stmt" count="0"/>
      <line num="14" type="stmt" count="0"/>
      <line num="15" type="method" name="UpdateData" crap="2" count="0"/>
      <line num="16" type="stmt" count="0"/>
      <line num="17" type="stmt" count="0"/>
      <line num="18" type="stmt" count="0"/>
      <line num="20" type="method" name="DeleteData" crap="2" count="0"/>
      <line num="21" type="stmt" count="0"/>
      <line num="22" type="stmt" count="0"/>
      <line num="23" type="stmt" count="0"/>
      <metrics loc="25" ncloc="25" classes="1" methods="4" coveredmethods="0" conditionals="0" coveredconditionals="0" statements="17" coveredstatements="0" elements="21" coveredelements="0"/>
    </file>
    <metrics files="5" loc="129" ncloc="129" classes="5" methods="18" coveredmethods="8" conditionals="0" coveredconditionals="0" statements="63" coveredstatements="34" elements="81" coveredelements="42"/>
  </project>
</coverage>
